android_search/proguard/mapping.txt
com.virtual_hotel_agent.search.ImageGalleryActivity -> com.virtual_hotel_agent.search.ImageGalleryActivity:
    int initialPage -> a
    com.virtual_hotel_agent.search.util.ImageDownloader imageDownloader -> b
    com.virtual_hotel_agent.search.views.adapters.BitmapAdapter adapter -> c
    com.viewpagerindicator.UnderlinePageIndicator mIndicator -> d
    android.os.Handler mHandlerImgDownloaded -> e
    java.util.ArrayList captions -> f
    java.lang.String mHotelName -> g
    android.support.v4.view.ViewPager contentView -> h
    android.widget.TextView captionView -> i
    73:150:void onCreate(android.os.Bundle) -> onCreate
    160:163:void onDestroy() -> onDestroy
    167:167:void onPageScrollStateChanged(int) -> a_
    171:171:void onPageScrolled(int,float,int) -> a
    175:182:void onPageSelected(int) -> b_
    185:194:void setCaption(int) -> c
    37:37:com.virtual_hotel_agent.search.views.adapters.BitmapAdapter access$0(com.virtual_hotel_agent.search.ImageGalleryActivity) -> a
    154:154:android.support.v4.view.ViewPager access$1(com.virtual_hotel_agent.search.ImageGalleryActivity) -> b
    35:35:int access$2(com.virtual_hotel_agent.search.ImageGalleryActivity) -> c
com.virtual_hotel_agent.search.ImageGalleryActivity$1 -> com.virtual_hotel_agent.search.a:
    com.virtual_hotel_agent.search.ImageGalleryActivity this$0 -> a
    int val$position -> b
    179:180:void run() -> run
com.virtual_hotel_agent.search.ImageGalleryActivity$DownloadedImg -> com.virtual_hotel_agent.search.b:
    java.lang.ref.WeakReference activityRef -> a
    49:60:void handleMessage(android.os.Message) -> handleMessage
com.virtual_hotel_agent.search.MyApplication -> com.virtual_hotel_agent.search.MyApplication:
    com.virtual_hotel_agent.search.models.expedia.XpediaDatabase mEvaDb -> a
    com.virtual_hotel_agent.search.models.expedia.ExpediaRequestParameters requestParams -> b
    java.lang.String mExpediaSecret -> c
    java.lang.String mExpediaApiKey -> d
    java.lang.String mExpediaClientId -> e
    android.content.Context context -> g
    boolean AcraInitialized -> f
    37:49:void onCreate() -> onCreate
    52:52:com.virtual_hotel_agent.search.models.expedia.XpediaDatabase getDb() -> a
    56:57:void setDb(com.virtual_hotel_agent.search.models.expedia.XpediaDatabase) -> a
    60:60:com.virtual_hotel_agent.search.models.expedia.ExpediaRequestParameters getExpediaRequestParams() -> b
    64:64:java.lang.String getExpediaApiKey() -> c
    68:68:java.lang.String getExpediaSecret() -> d
    72:72:java.lang.String getExpediaClientId() -> e
    77:79:void onLowMemory() -> onLowMemory
    83:85:void onTerminate() -> onTerminate
com.virtual_hotel_agent.search.SettingsAPI -> com.virtual_hotel_agent.search.c:
    14:30:java.lang.String getCurrencyCode(android.content.Context) -> a
    34:50:java.lang.String getCurrencySymbol(android.content.Context) -> b
    54:62:java.lang.String getLocale(android.content.Context) -> c
    72:78:java.lang.String getEvaKey(android.content.Context) -> d
    85:91:java.lang.String getEvaSiteCode(android.content.Context) -> e
    95:97:boolean getShowIntroTips(android.content.Context) -> f
    101:105:void setShowIntroTips(android.content.Context,boolean) -> a
com.virtual_hotel_agent.search.controllers.activities.BugReportDialog -> com.virtual_hotel_agent.search.controllers.activities.BugReportDialog:
    android.widget.EditText userComment -> b
    android.app.AlertDialog mDialog -> a
    37:49:void onCreate(android.os.Bundle) -> onCreate
    52:86:android.view.View buildCustomView(android.os.Bundle) -> a
    91:95:void onClick(android.content.DialogInterface,int) -> onClick
    98:119:void sendBugReport() -> a
    122:126:void onSaveInstanceState(android.os.Bundle) -> onSaveInstanceState
    129:130:void onDismiss(android.content.DialogInterface) -> onDismiss
    32:32:android.widget.EditText access$0(com.virtual_hotel_agent.search.controllers.activities.BugReportDialog) -> a
...
android.support.v4.app.ActionBarDrawerToggleHoneycomb$SetIndicatorInfo -> android.support.v4.app.ActionBarDrawerToggleHoneycomb$SetIndicatorInfo:
    java.lang.reflect.Method setHomeAsUpIndicator -> a
    java.lang.reflect.Method setHomeActionContentDescription -> b
    android.widget.ImageView upIndicatorView -> c
android.support.v4.app.ActivityCompat -> android.support.v4.app.ActivityCompat:
android.support.v4.app.ActivityCompatHoneycomb -> android.support.v4.app.ActivityCompatHoneycomb:
    29:30:void invalidateOptionsMenu(android.app.Activity) -> a
android.support.v4.app.ActivityCompatJB -> android.support.v4.app.ActivityCompatJB:
android.support.v4.app.ActivityOptionsCompat -> android.support.v4.app.ActivityOptionsCompat:
android.support.v4.app.ActivityOptionsCompat$ActivityOptionsImplJB -> android.support.v4.app.ActivityOptionsCompat$ActivityOptionsImplJB:
android.support.v4.app.ActivityOptionsCompatJB -> android.support.v4.app.ActivityOptionsCompatJB:
android.support.v4.app.BackStackRecord -> android.support.v4.app.BackStackRecord:
    android.support.v4.app.FragmentManagerImpl mManager -> a
    android.support.v4.app.BackStackRecord$Op mHead -> b
    android.support.v4.app.BackStackRecord$Op mTail -> c
    int mNumOp -> d
    int mEnterAnim -> e
    int mExitAnim -> f
    int mPopEnterAnim -> g
    int mPopExitAnim -> h
    int mTransition -> i
    int mTransitionStyle -> j
    boolean mAddToBackStack -> k
    boolean mAllowAddToBackStack -> l
    java.lang.String mName -> m
    boolean mCommitted -> n
    int mIndex -> o
    int mBreadCrumbTitleRes -> p
    java.lang.CharSequence mBreadCrumbTitleText -> q
    int mBreadCrumbShortTitleRes -> r
    java.lang.CharSequence mBreadCrumbShortTitleText -> s
    221:233:java.lang.String toString() -> toString
    237:238:void dump(java.lang.String,java.io.FileDescriptor,java.io.PrintWriter,java.lang.String[]) -> a
    241:331:void dump(java.lang.String,java.io.PrintWriter,boolean) -> a
    364:376:void addOp(android.support.v4.app.BackStackRecord$Op) -> a
    379:380:android.support.v4.app.FragmentTransaction add(android.support.v4.app.Fragment,java.lang.String) -> a
    384:385:android.support.v4.app.FragmentTransaction add(int,android.support.v4.app.Fragment) -> a
    389:390:android.support.v4.app.FragmentTransaction add(int,android.support.v4.app.Fragment,java.lang.String) -> a
    394:418:void doAddOp(int,android.support.v4.app.Fragment,java.lang.String,int) -> a
android.support.v4.app.BackStackRecord$Op -> android.support.v4.app.BackStackRecord$Op:
    android.support.v4.app.BackStackRecord$Op next -> a
    android.support.v4.app.BackStackRecord$Op prev -> b
    int cmd -> c
    android.support.v4.app.Fragment fragment -> d
    int enterAnim -> e
    int exitAnim -> f
    int popEnterAnim -> g
    int popExitAnim -> h
    java.util.ArrayList removed -> i
android.support.v4.app.BackStackState -> android.support.v4.app.BackStackState:
    int[] mOps -> a
    int mTransition -> b
    int mTransitionStyle -> c
    java.lang.String mName -> d
    int mIndex -> e
    int mBreadCrumbTitleRes -> f
    java.lang.CharSequence mBreadCrumbTitleText -> g
    int mBreadCrumbShortTitleRes -> h
    java.lang.CharSequence mBreadCrumbShortTitleText -> i
    android.os.Parcelable$Creator CREATOR -> CREATOR
    96:138:android.support.v4.app.BackStackRecord instantiate(android.support.v4.app.FragmentManagerImpl) -> a
    142:142:int describeContents() -> describeContents
    146:155:void writeToParcel(android.os.Parcel,int) -> writeToParcel
android.support.v4.app.BackStackState$1 -> android.support.v4.app.BackStackState$1:
    160:160:android.support.v4.app.BackStackState createFromParcel(android.os.Parcel) -> a
    164:164:android.support.v4.app.BackStackState[] newArray(int) -> a
    158:158:java.lang.Object[] newArray(int) -> newArray
    158:158:java.lang.Object createFromParcel(android.os.Parcel) -> createFromParcel